#-----------------------------------------------------------
# Vivado v2018.3 (64-bit)
# SW Build 2405991 on Thu Dec  6 23:36:41 MST 2018
# IP Build 2404404 on Fri Dec  7 01:43:56 MST 2018
# Start of session at: Thu Sep 17 10:08:08 2020
# Process ID: 1540
# Current directory: /home/hahaha/riscv/aquila_soc_0901
# Command line: vivado aquila_soc.xpr
# Log file: /home/hahaha/riscv/aquila_soc_0901/vivado.log
# Journal file: /home/hahaha/riscv/aquila_soc_0901/vivado.jou
#-----------------------------------------------------------
start_gui
open_project aquila_soc.xpr
Scanning sources...
Finished scanning sources
INFO: [IP_Flow 19-234] Refreshing IP repositories
INFO: [IP_Flow 19-1700] Loaded user IP repository '/home/hahaha/riscv/aquila_soc_0901/ip_repo'.
INFO: [IP_Flow 19-2313] Loaded Vivado IP repository '/tools/Xilinx3/Vivado/2018.3/data/ip'.
open_project: Time (s): cpu = 00:00:13 ; elapsed = 00:00:07 . Memory (MB): peak = 6577.949 ; gain = 224.254 ; free physical = 6804 ; free virtual = 8905
update_compile_order -fileset sources_1
open_hw
connect_hw_server
INFO: [Labtools 27-2285] Connecting to hw_server url TCP:localhost:3121
INFO: [Labtools 27-2222] Launching hw_server...
INFO: [Labtools 27-2221] Launch Output:

****** Xilinx hw_server v2018.3
  **** Build date : Dec  6 2018-23:53:53
    ** Copyright 1986-2018 Xilinx, Inc. All Rights Reserved.


disconnect_hw_server localhost:3121
connect_hw_server
INFO: [Labtools 27-2285] Connecting to hw_server url TCP:localhost:3121
open_hw_target
INFO: [Labtoolstcl 44-466] Opening hw_target localhost:3121/xilinx_tcf/Digilent/210203A0274DA
set_property PROGRAM.FILE {/home/hahaha/riscv/aquila_soc_0901/aquila_soc.runs/impl_1/aquila_soc_wrapper.bit} [get_hw_devices xc7k325t_0]
set_property PROBES.FILE {/home/hahaha/riscv/aquila_soc_0901/aquila_soc.runs/impl_1/aquila_soc_wrapper.ltx} [get_hw_devices xc7k325t_0]
set_property FULL_PROBES.FILE {/home/hahaha/riscv/aquila_soc_0901/aquila_soc.runs/impl_1/aquila_soc_wrapper.ltx} [get_hw_devices xc7k325t_0]
current_hw_device [get_hw_devices xc7k325t_0]
refresh_hw_device [lindex [get_hw_devices xc7k325t_0] 0]
INFO: [Labtools 27-1435] Device xc7k325t (JTAG device index = 0) is not programmed (DONE status = 0).
set_property PROBES.FILE {/home/hahaha/riscv/aquila_soc_0901/aquila_soc.runs/impl_1/aquila_soc_wrapper.ltx} [get_hw_devices xc7k325t_0]
set_property FULL_PROBES.FILE {/home/hahaha/riscv/aquila_soc_0901/aquila_soc.runs/impl_1/aquila_soc_wrapper.ltx} [get_hw_devices xc7k325t_0]
set_property PROGRAM.FILE {/home/hahaha/riscv/aquila_soc_0901/aquila_soc.runs/impl_1/aquila_soc_wrapper.bit} [get_hw_devices xc7k325t_0]
program_hw_devices [get_hw_devices xc7k325t_0]
INFO: [Labtools 27-3164] End of startup status: HIGH
program_hw_devices: Time (s): cpu = 00:00:07 ; elapsed = 00:00:07 . Memory (MB): peak = 7416.953 ; gain = 0.000 ; free physical = 5696 ; free virtual = 7981
refresh_hw_device [lindex [get_hw_devices xc7k325t_0] 0]
INFO: [Labtools 27-2302] Device xc7k325t (JTAG device index = 0) is programmed with a design that has 1 ILA core(s).
display_hw_ila_data [ get_hw_ila_data hw_ila_data_1 -of_objects [get_hw_ilas -of_objects [get_hw_devices xc7k325t_0] -filter {CELL_NAME=~"u_ila_0"}]]
update_ip_catalog -rebuild -scan_changes
INFO: [IP_Flow 19-234] Refreshing IP repositories
INFO: [IP_Flow 19-1700] Loaded user IP repository '/home/hahaha/riscv/aquila_soc_0901/ip_repo'.
report_ip_status -name ip_status
upgrade_ip -vlnv xilinx.com:user:aquila:1.0 [get_ips  aquila_soc_aquila_0_1] -log ip_upgrade.log
Adding cell -- xilinx.com:ip:axi_uartlite:2.0 - axi_uartlite_0
Adding cell -- xilinx.com:ip:mig_7series:4.2 - mig_7series_0
Adding cell -- xilinx.com:ip:proc_sys_reset:5.0 - rst_mig_7series_0_200M
Adding cell -- xilinx.com:ip:smartconnect:1.0 - axi_smc
Adding cell -- xilinx.com:user:aquila:1.0 - aquila_0
Successfully read diagram <aquila_soc> from BD file </home/hahaha/riscv/aquila_soc_0901/aquila_soc.srcs/sources_1/bd/aquila_soc/aquila_soc.bd>
Upgrading '/home/hahaha/riscv/aquila_soc_0901/aquila_soc.srcs/sources_1/bd/aquila_soc/aquila_soc.bd'
INFO: [IP_Flow 19-1972] Upgraded aquila_soc_aquila_0_1 from aquila 1.0 to aquila 1.0
Wrote  : </home/hahaha/riscv/aquila_soc_0901/aquila_soc.srcs/sources_1/bd/aquila_soc/aquila_soc.bd> 
INFO: [Coretcl 2-1525] Wrote upgrade log to '/home/hahaha/riscv/aquila_soc_0901/ip_upgrade.log'.
export_ip_user_files -of_objects [get_ips aquila_soc_aquila_0_1] -no_script -sync -force -quiet
generate_target all [get_files  /home/hahaha/riscv/aquila_soc_0901/aquila_soc.srcs/sources_1/bd/aquila_soc/aquila_soc.bd]
WARNING: [BD 41-237] Bus Interface property AWUSER_WIDTH does not match between /mig_7series_0/S_AXI(0) and /axi_smc/M00_AXI(1)
WARNING: [BD 41-237] Bus Interface property ARUSER_WIDTH does not match between /mig_7series_0/S_AXI(0) and /axi_smc/M00_AXI(1)
WARNING: [BD 41-237] Bus Interface property BUSER_WIDTH does not match between /mig_7series_0/S_AXI(0) and /axi_smc/M00_AXI(1)
Wrote  : </home/hahaha/riscv/aquila_soc_0901/aquila_soc.srcs/sources_1/bd/aquila_soc/aquila_soc.bd> 
VHDL Output written to : /home/hahaha/riscv/aquila_soc_0901/aquila_soc.srcs/sources_1/bd/aquila_soc/synth/aquila_soc.v
VHDL Output written to : /home/hahaha/riscv/aquila_soc_0901/aquila_soc.srcs/sources_1/bd/aquila_soc/sim/aquila_soc.v
VHDL Output written to : /home/hahaha/riscv/aquila_soc_0901/aquila_soc.srcs/sources_1/bd/aquila_soc/hdl/aquila_soc_wrapper.v
INFO: [BD 41-1029] Generation completed for the IP Integrator block mig_7series_0 .
INFO: [BD 41-1029] Generation completed for the IP Integrator block axi_uartlite_0 .
Exporting to file /home/hahaha/riscv/aquila_soc_0901/aquila_soc.srcs/sources_1/bd/aquila_soc/ip/aquila_soc_smartconnect_0_0/bd_0/hw_handoff/aquila_soc_smartconnect_0_0.hwh
Generated Block Design Tcl file /home/hahaha/riscv/aquila_soc_0901/aquila_soc.srcs/sources_1/bd/aquila_soc/ip/aquila_soc_smartconnect_0_0/bd_0/hw_handoff/aquila_soc_smartconnect_0_0_bd.tcl
Generated Hardware Definition File /home/hahaha/riscv/aquila_soc_0901/aquila_soc.srcs/sources_1/bd/aquila_soc/ip/aquila_soc_smartconnect_0_0/bd_0/synth/aquila_soc_smartconnect_0_0.hwdef
INFO: [BD 41-1029] Generation completed for the IP Integrator block axi_smc .
INFO: [BD 41-1029] Generation completed for the IP Integrator block rst_mig_7series_0_200M .
INFO: [BD 41-1029] Generation completed for the IP Integrator block aquila_0 .
Exporting to file /home/hahaha/riscv/aquila_soc_0901/aquila_soc.srcs/sources_1/bd/aquila_soc/hw_handoff/aquila_soc.hwh
Generated Block Design Tcl file /home/hahaha/riscv/aquila_soc_0901/aquila_soc.srcs/sources_1/bd/aquila_soc/hw_handoff/aquila_soc_bd.tcl
Generated Hardware Definition File /home/hahaha/riscv/aquila_soc_0901/aquila_soc.srcs/sources_1/bd/aquila_soc/synth/aquila_soc.hwdef
generate_target: Time (s): cpu = 00:00:10 ; elapsed = 00:00:08 . Memory (MB): peak = 7822.539 ; gain = 103.430 ; free physical = 5091 ; free virtual = 7411
catch { config_ip_cache -export [get_ips -all aquila_soc_aquila_0_1] }
INFO: [IP_Flow 19-4993] Using cached IP synthesis design for IP aquila_soc_aquila_0_1, cache-ID = 08d32c1df10ad1c5; cache size = 817.609 MB.
export_ip_user_files -of_objects [get_files /home/hahaha/riscv/aquila_soc_0901/aquila_soc.srcs/sources_1/bd/aquila_soc/aquila_soc.bd] -no_script -sync -force -quiet
create_ip_run [get_files -of_objects [get_fileset sources_1] /home/hahaha/riscv/aquila_soc_0901/aquila_soc.srcs/sources_1/bd/aquila_soc/aquila_soc.bd]
export_simulation -of_objects [get_files /home/hahaha/riscv/aquila_soc_0901/aquila_soc.srcs/sources_1/bd/aquila_soc/aquila_soc.bd] -directory /home/hahaha/riscv/aquila_soc_0901/aquila_soc.ip_user_files/sim_scripts -ip_user_files_dir /home/hahaha/riscv/aquila_soc_0901/aquila_soc.ip_user_files -ipstatic_source_dir /home/hahaha/riscv/aquila_soc_0901/aquila_soc.ip_user_files/ipstatic -lib_map_path [list {modelsim=/home/hahaha/riscv/aquila_soc_0901/aquila_soc.cache/compile_simlib/modelsim} {questa=/home/hahaha/riscv/aquila_soc_0901/aquila_soc.cache/compile_simlib/questa} {ies=/home/hahaha/riscv/aquila_soc_0901/aquila_soc.cache/compile_simlib/ies} {xcelium=/home/hahaha/riscv/aquila_soc_0901/aquila_soc.cache/compile_simlib/xcelium} {vcs=/home/hahaha/riscv/aquila_soc_0901/aquila_soc.cache/compile_simlib/vcs} {riviera=/home/hahaha/riscv/aquila_soc_0901/aquila_soc.cache/compile_simlib/riviera}] -use_ip_compiled_libs -force -quiet
reset_run synth_1
launch_runs impl_1 -to_step write_bitstream -jobs 12
[Thu Sep 17 10:13:04 2020] Launched synth_1...
Run output will be captured here: /home/hahaha/riscv/aquila_soc_0901/aquila_soc.runs/synth_1/runme.log
[Thu Sep 17 10:13:04 2020] Launched impl_1...
Run output will be captured here: /home/hahaha/riscv/aquila_soc_0901/aquila_soc.runs/impl_1/runme.log
report_ip_status -name ip_status 
set_property PROBES.FILE {/home/hahaha/riscv/aquila_soc_0901/aquila_soc.runs/impl_1/aquila_soc_wrapper.ltx} [get_hw_devices xc7k325t_0]
set_property FULL_PROBES.FILE {/home/hahaha/riscv/aquila_soc_0901/aquila_soc.runs/impl_1/aquila_soc_wrapper.ltx} [get_hw_devices xc7k325t_0]
set_property PROGRAM.FILE {/home/hahaha/riscv/aquila_soc_0901/aquila_soc.runs/impl_1/aquila_soc_wrapper.bit} [get_hw_devices xc7k325t_0]
program_hw_devices [get_hw_devices xc7k325t_0]
INFO: [Labtools 27-3164] End of startup status: HIGH
program_hw_devices: Time (s): cpu = 00:00:07 ; elapsed = 00:00:07 . Memory (MB): peak = 7999.734 ; gain = 0.000 ; free physical = 4713 ; free virtual = 7458
refresh_hw_device [lindex [get_hw_devices xc7k325t_0] 0]
INFO: [Labtools 27-2302] Device xc7k325t (JTAG device index = 0) is programmed with a design that has 1 ILA core(s).
set_property PROBES.FILE {/home/hahaha/riscv/aquila_soc_0901/aquila_soc.runs/impl_1/aquila_soc_wrapper.ltx} [get_hw_devices xc7k325t_0]
set_property FULL_PROBES.FILE {/home/hahaha/riscv/aquila_soc_0901/aquila_soc.runs/impl_1/aquila_soc_wrapper.ltx} [get_hw_devices xc7k325t_0]
set_property PROGRAM.FILE {/home/hahaha/riscv/aquila_soc_0901/aquila_soc.runs/impl_1/aquila_soc_wrapper.bit} [get_hw_devices xc7k325t_0]
program_hw_devices [get_hw_devices xc7k325t_0]
INFO: [Labtools 27-3164] End of startup status: HIGH
program_hw_devices: Time (s): cpu = 00:00:07 ; elapsed = 00:00:07 . Memory (MB): peak = 7999.734 ; gain = 0.000 ; free physical = 4774 ; free virtual = 7522
refresh_hw_device [lindex [get_hw_devices xc7k325t_0] 0]
INFO: [Labtools 27-1434] Device xc7k325t (JTAG device index = 0) is programmed with a design that has no supported debug core(s) in it.
WARNING: [Labtools 27-3361] The debug hub core was not detected.
Resolution: 
1. Make sure the clock connected to the debug hub (dbg_hub) core is a free running clock and is active.
2. Make sure the BSCAN_SWITCH_USER_MASK device property in Vivado Hardware Manager reflects the user scan chain setting in the design and refresh the device.  To determine the user scan chain setting in the design, open the implemented design and use 'get_property C_USER_SCAN_CHAIN [get_debug_cores dbg_hub]'.
For more details on setting the scan chain property, consult the Vivado Debug and Programming User Guide (UG908).
WARNING: [Labtools 27-3413] Dropping logic core with cellname:'u_ila_0' at location 'uuid_23E7D65A79BC59F7BC47406C1714DFAE' from probes file, since it cannot be found on the programmed device.
close_hw
ipx::edit_ip_in_project -upgrade true -name aquila_v1_0_project -directory /home/hahaha/riscv/aquila_soc_0901/aquila_soc.tmp/aquila_v1_0_project /home/hahaha/riscv/aquila_soc_0901/ip_repo/aquila/component.xml
INFO: [IP_Flow 19-234] Refreshing IP repositories
INFO: [IP_Flow 19-1704] No user IP repositories specified
INFO: [IP_Flow 19-2313] Loaded Vivado IP repository '/tools/Xilinx3/Vivado/2018.3/data/ip'.
INFO: [IP_Flow 19-234] Refreshing IP repositories
INFO: [IP_Flow 19-1700] Loaded user IP repository '/home/hahaha/riscv/aquila_soc_0901/ip_repo'.
INFO: [IP_Flow 19-795] Syncing license key meta-data
WARNING: [filemgmt 56-99] Vivado Synthesis ignores library specification for Verilog or SystemVerilog files. [/home/hahaha/riscv/aquila_soc_0901/ip_repo/aquila/hdl/core_rtl/alu.v:]
WARNING: [filemgmt 56-99] Vivado Synthesis ignores library specification for Verilog or SystemVerilog files. [/home/hahaha/riscv/aquila_soc_0901/ip_repo/aquila/hdl/aquila_M_DEVICE_PORT.v:]
WARNING: [filemgmt 56-99] Vivado Synthesis ignores library specification for Verilog or SystemVerilog files. [/home/hahaha/riscv/aquila_soc_0901/ip_repo/aquila/hdl/aquila_M_DMEM_PORT.v:]
WARNING: [filemgmt 56-99] Vivado Synthesis ignores library specification for Verilog or SystemVerilog files. [/home/hahaha/riscv/aquila_soc_0901/ip_repo/aquila/hdl/aquila_M_IMEM_PORT.v:]
WARNING: [filemgmt 56-99] Vivado Synthesis ignores library specification for Verilog or SystemVerilog files. [/home/hahaha/riscv/aquila_soc_0901/ip_repo/aquila/hdl/core_rtl/aquila_top.v:]
WARNING: [filemgmt 56-99] Vivado Synthesis ignores library specification for Verilog or SystemVerilog files. [/home/hahaha/riscv/aquila_soc_0901/ip_repo/aquila/hdl/core_rtl/atomic_unit.v:]
WARNING: [filemgmt 56-99] Vivado Synthesis ignores library specification for Verilog or SystemVerilog files. [/home/hahaha/riscv/aquila_soc_0901/ip_repo/aquila/hdl/core_rtl/bcu.v:]
WARNING: [filemgmt 56-99] Vivado Synthesis ignores library specification for Verilog or SystemVerilog files. [/home/hahaha/riscv/aquila_soc_0901/ip_repo/aquila/hdl/core_rtl/bpu.v:]
WARNING: [filemgmt 56-99] Vivado Synthesis ignores library specification for Verilog or SystemVerilog files. [/home/hahaha/riscv/aquila_soc_0901/ip_repo/aquila/hdl/core_rtl/clint.v:]
WARNING: [filemgmt 56-99] Vivado Synthesis ignores library specification for Verilog or SystemVerilog files. [/home/hahaha/riscv/aquila_soc_0901/ip_repo/aquila/hdl/core_rtl/core_top.v:]
WARNING: [filemgmt 56-99] Vivado Synthesis ignores library specification for Verilog or SystemVerilog files. [/home/hahaha/riscv/aquila_soc_0901/ip_repo/aquila/hdl/core_rtl/csr_file.v:]
WARNING: [filemgmt 56-99] Vivado Synthesis ignores library specification for Verilog or SystemVerilog files. [/home/hahaha/riscv/aquila_soc_0901/ip_repo/aquila/hdl/core_rtl/dcache.v:]
WARNING: [filemgmt 56-99] Vivado Synthesis ignores library specification for Verilog or SystemVerilog files. [/home/hahaha/riscv/aquila_soc_0901/ip_repo/aquila/hdl/core_rtl/decode.v:]
WARNING: [filemgmt 56-99] Vivado Synthesis ignores library specification for Verilog or SystemVerilog files. [/home/hahaha/riscv/aquila_soc_0901/ip_repo/aquila/hdl/core_rtl/distri_ram.v:]
WARNING: [filemgmt 56-99] Vivado Synthesis ignores library specification for Verilog or SystemVerilog files. [/home/hahaha/riscv/aquila_soc_0901/ip_repo/aquila/hdl/core_rtl/execute.v:]
WARNING: [filemgmt 56-99] Vivado Synthesis ignores library specification for Verilog or SystemVerilog files. [/home/hahaha/riscv/aquila_soc_0901/ip_repo/aquila/hdl/core_rtl/fetch.v:]
WARNING: [filemgmt 56-99] Vivado Synthesis ignores library specification for Verilog or SystemVerilog files. [/home/hahaha/riscv/aquila_soc_0901/ip_repo/aquila/hdl/core_rtl/forwarding_unit.v:]
WARNING: [filemgmt 56-99] Vivado Synthesis ignores library specification for Verilog or SystemVerilog files. [/home/hahaha/riscv/aquila_soc_0901/ip_repo/aquila/hdl/core_rtl/free_circular_buffer.v:]
WARNING: [filemgmt 56-99] Vivado Synthesis ignores library specification for Verilog or SystemVerilog files. [/home/hahaha/riscv/aquila_soc_0901/ip_repo/aquila/hdl/core_rtl/icache.v:]
WARNING: [filemgmt 56-99] Vivado Synthesis ignores library specification for Verilog or SystemVerilog files. [/home/hahaha/riscv/aquila_soc_0901/ip_repo/aquila/hdl/core_rtl/memory.v:]
WARNING: [filemgmt 56-99] Vivado Synthesis ignores library specification for Verilog or SystemVerilog files. [/home/hahaha/riscv/aquila_soc_0901/ip_repo/aquila/hdl/core_rtl/memory_management.v:]
WARNING: [filemgmt 56-99] Vivado Synthesis ignores library specification for Verilog or SystemVerilog files. [/home/hahaha/riscv/aquila_soc_0901/ip_repo/aquila/hdl/core_rtl/muldiv.v:]
WARNING: [filemgmt 56-99] Vivado Synthesis ignores library specification for Verilog or SystemVerilog files. [/home/hahaha/riscv/aquila_soc_0901/ip_repo/aquila/hdl/core_rtl/newlib_based_allocator.v:]
WARNING: [filemgmt 56-99] Vivado Synthesis ignores library specification for Verilog or SystemVerilog files. [/home/hahaha/riscv/aquila_soc_0901/ip_repo/aquila/hdl/core_rtl/pipeline_control.v:]
WARNING: [filemgmt 56-99] Vivado Synthesis ignores library specification for Verilog or SystemVerilog files. [/home/hahaha/riscv/aquila_soc_0901/ip_repo/aquila/hdl/core_rtl/program_counter.v:]
WARNING: [filemgmt 56-99] Vivado Synthesis ignores library specification for Verilog or SystemVerilog files. [/home/hahaha/riscv/aquila_soc_0901/ip_repo/aquila/hdl/core_rtl/reg_file.v:]
WARNING: [filemgmt 56-99] Vivado Synthesis ignores library specification for Verilog or SystemVerilog files. [/home/hahaha/riscv/aquila_soc_0901/ip_repo/aquila/hdl/core_rtl/sram.v:]
WARNING: [filemgmt 56-99] Vivado Synthesis ignores library specification for Verilog or SystemVerilog files. [/home/hahaha/riscv/aquila_soc_0901/ip_repo/aquila/hdl/core_rtl/sram_dp.v:]
WARNING: [filemgmt 56-99] Vivado Synthesis ignores library specification for Verilog or SystemVerilog files. [/home/hahaha/riscv/aquila_soc_0901/ip_repo/aquila/hdl/core_rtl/sram_dual_port.v:]
WARNING: [filemgmt 56-99] Vivado Synthesis ignores library specification for Verilog or SystemVerilog files. [/home/hahaha/riscv/aquila_soc_0901/ip_repo/aquila/hdl/core_rtl/writeback.v:]
WARNING: [filemgmt 56-99] Vivado Synthesis ignores library specification for Verilog or SystemVerilog files. [/home/hahaha/riscv/aquila_soc_0901/ip_repo/aquila/hdl/aquila.v:]
update_compile_order -fileset sources_1
set_property core_revision 255 [ipx::current_core]
ipx::update_source_project_archive -component [ipx::current_core]
ipx::create_xgui_files [ipx::current_core]
ipx::update_checksums [ipx::current_core]
ipx::save_core [ipx::current_core]
ipx::move_temp_component_back -component [ipx::current_core]
close_project -delete
update_ip_catalog -rebuild -repo_path /home/hahaha/riscv/aquila_soc_0901/ip_repo
INFO: [IP_Flow 19-725] Reloaded user IP repository '/home/hahaha/riscv/aquila_soc_0901/ip_repo'
report_ip_status -name ip_status 
upgrade_ip -vlnv xilinx.com:user:aquila:1.0 [get_ips  aquila_soc_aquila_0_1] -log ip_upgrade.log
Upgrading '/home/hahaha/riscv/aquila_soc_0901/aquila_soc.srcs/sources_1/bd/aquila_soc/aquila_soc.bd'
INFO: [IP_Flow 19-3422] Upgraded aquila_soc_aquila_0_1 (aquila 1.0) from revision 254 to revision 255
Wrote  : </home/hahaha/riscv/aquila_soc_0901/aquila_soc.srcs/sources_1/bd/aquila_soc/aquila_soc.bd> 
INFO: [Coretcl 2-1525] Wrote upgrade log to '/home/hahaha/riscv/aquila_soc_0901/ip_upgrade.log'.
export_ip_user_files -of_objects [get_ips aquila_soc_aquila_0_1] -no_script -sync -force -quiet
generate_target all [get_files  /home/hahaha/riscv/aquila_soc_0901/aquila_soc.srcs/sources_1/bd/aquila_soc/aquila_soc.bd]
WARNING: [BD 41-237] Bus Interface property AWUSER_WIDTH does not match between /mig_7series_0/S_AXI(0) and /axi_smc/M00_AXI(1)
WARNING: [BD 41-237] Bus Interface property ARUSER_WIDTH does not match between /mig_7series_0/S_AXI(0) and /axi_smc/M00_AXI(1)
WARNING: [BD 41-237] Bus Interface property BUSER_WIDTH does not match between /mig_7series_0/S_AXI(0) and /axi_smc/M00_AXI(1)
Wrote  : </home/hahaha/riscv/aquila_soc_0901/aquila_soc.srcs/sources_1/bd/aquila_soc/aquila_soc.bd> 
VHDL Output written to : /home/hahaha/riscv/aquila_soc_0901/aquila_soc.srcs/sources_1/bd/aquila_soc/synth/aquila_soc.v
VHDL Output written to : /home/hahaha/riscv/aquila_soc_0901/aquila_soc.srcs/sources_1/bd/aquila_soc/sim/aquila_soc.v
VHDL Output written to : /home/hahaha/riscv/aquila_soc_0901/aquila_soc.srcs/sources_1/bd/aquila_soc/hdl/aquila_soc_wrapper.v
INFO: [BD 41-1029] Generation completed for the IP Integrator block mig_7series_0 .
INFO: [BD 41-1029] Generation completed for the IP Integrator block axi_uartlite_0 .
Exporting to file /home/hahaha/riscv/aquila_soc_0901/aquila_soc.srcs/sources_1/bd/aquila_soc/ip/aquila_soc_smartconnect_0_0/bd_0/hw_handoff/aquila_soc_smartconnect_0_0.hwh
Generated Block Design Tcl file /home/hahaha/riscv/aquila_soc_0901/aquila_soc.srcs/sources_1/bd/aquila_soc/ip/aquila_soc_smartconnect_0_0/bd_0/hw_handoff/aquila_soc_smartconnect_0_0_bd.tcl
Generated Hardware Definition File /home/hahaha/riscv/aquila_soc_0901/aquila_soc.srcs/sources_1/bd/aquila_soc/ip/aquila_soc_smartconnect_0_0/bd_0/synth/aquila_soc_smartconnect_0_0.hwdef
INFO: [BD 41-1029] Generation completed for the IP Integrator block axi_smc .
INFO: [BD 41-1029] Generation completed for the IP Integrator block rst_mig_7series_0_200M .
INFO: [BD 41-1029] Generation completed for the IP Integrator block aquila_0 .
Exporting to file /home/hahaha/riscv/aquila_soc_0901/aquila_soc.srcs/sources_1/bd/aquila_soc/hw_handoff/aquila_soc.hwh
Generated Block Design Tcl file /home/hahaha/riscv/aquila_soc_0901/aquila_soc.srcs/sources_1/bd/aquila_soc/hw_handoff/aquila_soc_bd.tcl
Generated Hardware Definition File /home/hahaha/riscv/aquila_soc_0901/aquila_soc.srcs/sources_1/bd/aquila_soc/synth/aquila_soc.hwdef
generate_target: Time (s): cpu = 00:00:09 ; elapsed = 00:00:07 . Memory (MB): peak = 7999.734 ; gain = 0.000 ; free physical = 4508 ; free virtual = 7224
catch { config_ip_cache -export [get_ips -all aquila_soc_aquila_0_1] }
export_ip_user_files -of_objects [get_files /home/hahaha/riscv/aquila_soc_0901/aquila_soc.srcs/sources_1/bd/aquila_soc/aquila_soc.bd] -no_script -sync -force -quiet
create_ip_run [get_files -of_objects [get_fileset sources_1] /home/hahaha/riscv/aquila_soc_0901/aquila_soc.srcs/sources_1/bd/aquila_soc/aquila_soc.bd]
launch_runs -jobs 12 aquila_soc_aquila_0_1_synth_1
[Thu Sep 17 10:24:49 2020] Launched aquila_soc_aquila_0_1_synth_1...
Run output will be captured here: /home/hahaha/riscv/aquila_soc_0901/aquila_soc.runs/aquila_soc_aquila_0_1_synth_1/runme.log
export_simulation -of_objects [get_files /home/hahaha/riscv/aquila_soc_0901/aquila_soc.srcs/sources_1/bd/aquila_soc/aquila_soc.bd] -directory /home/hahaha/riscv/aquila_soc_0901/aquila_soc.ip_user_files/sim_scripts -ip_user_files_dir /home/hahaha/riscv/aquila_soc_0901/aquila_soc.ip_user_files -ipstatic_source_dir /home/hahaha/riscv/aquila_soc_0901/aquila_soc.ip_user_files/ipstatic -lib_map_path [list {modelsim=/home/hahaha/riscv/aquila_soc_0901/aquila_soc.cache/compile_simlib/modelsim} {questa=/home/hahaha/riscv/aquila_soc_0901/aquila_soc.cache/compile_simlib/questa} {ies=/home/hahaha/riscv/aquila_soc_0901/aquila_soc.cache/compile_simlib/ies} {xcelium=/home/hahaha/riscv/aquila_soc_0901/aquila_soc.cache/compile_simlib/xcelium} {vcs=/home/hahaha/riscv/aquila_soc_0901/aquila_soc.cache/compile_simlib/vcs} {riviera=/home/hahaha/riscv/aquila_soc_0901/aquila_soc.cache/compile_simlib/riviera}] -use_ip_compiled_libs -force -quiet
report_ip_status -name ip_status 
update_ip_catalog -rebuild -scan_changes
INFO: [IP_Flow 19-234] Refreshing IP repositories
INFO: [IP_Flow 19-1700] Loaded user IP repository '/home/hahaha/riscv/aquila_soc_0901/ip_repo'.
report_ip_status -name ip_status
upgrade_ip -vlnv xilinx.com:user:aquila:1.0 [get_ips  aquila_soc_aquila_0_1] -log ip_upgrade.log
Upgrading '/home/hahaha/riscv/aquila_soc_0901/aquila_soc.srcs/sources_1/bd/aquila_soc/aquila_soc.bd'
INFO: [IP_Flow 19-1972] Upgraded aquila_soc_aquila_0_1 from aquila 1.0 to aquila 1.0
Wrote  : </home/hahaha/riscv/aquila_soc_0901/aquila_soc.srcs/sources_1/bd/aquila_soc/aquila_soc.bd> 
INFO: [Coretcl 2-1525] Wrote upgrade log to '/home/hahaha/riscv/aquila_soc_0901/ip_upgrade.log'.
export_ip_user_files -of_objects [get_ips aquila_soc_aquila_0_1] -no_script -sync -force -quiet
generate_target all [get_files  /home/hahaha/riscv/aquila_soc_0901/aquila_soc.srcs/sources_1/bd/aquila_soc/aquila_soc.bd]
WARNING: [BD 41-237] Bus Interface property AWUSER_WIDTH does not match between /mig_7series_0/S_AXI(0) and /axi_smc/M00_AXI(1)
WARNING: [BD 41-237] Bus Interface property ARUSER_WIDTH does not match between /mig_7series_0/S_AXI(0) and /axi_smc/M00_AXI(1)
WARNING: [BD 41-237] Bus Interface property BUSER_WIDTH does not match between /mig_7series_0/S_AXI(0) and /axi_smc/M00_AXI(1)
Wrote  : </home/hahaha/riscv/aquila_soc_0901/aquila_soc.srcs/sources_1/bd/aquila_soc/aquila_soc.bd> 
VHDL Output written to : /home/hahaha/riscv/aquila_soc_0901/aquila_soc.srcs/sources_1/bd/aquila_soc/synth/aquila_soc.v
VHDL Output written to : /home/hahaha/riscv/aquila_soc_0901/aquila_soc.srcs/sources_1/bd/aquila_soc/sim/aquila_soc.v
VHDL Output written to : /home/hahaha/riscv/aquila_soc_0901/aquila_soc.srcs/sources_1/bd/aquila_soc/hdl/aquila_soc_wrapper.v
INFO: [BD 41-1029] Generation completed for the IP Integrator block mig_7series_0 .
INFO: [BD 41-1029] Generation completed for the IP Integrator block axi_uartlite_0 .
Exporting to file /home/hahaha/riscv/aquila_soc_0901/aquila_soc.srcs/sources_1/bd/aquila_soc/ip/aquila_soc_smartconnect_0_0/bd_0/hw_handoff/aquila_soc_smartconnect_0_0.hwh
Generated Block Design Tcl file /home/hahaha/riscv/aquila_soc_0901/aquila_soc.srcs/sources_1/bd/aquila_soc/ip/aquila_soc_smartconnect_0_0/bd_0/hw_handoff/aquila_soc_smartconnect_0_0_bd.tcl
Generated Hardware Definition File /home/hahaha/riscv/aquila_soc_0901/aquila_soc.srcs/sources_1/bd/aquila_soc/ip/aquila_soc_smartconnect_0_0/bd_0/synth/aquila_soc_smartconnect_0_0.hwdef
INFO: [BD 41-1029] Generation completed for the IP Integrator block axi_smc .
INFO: [BD 41-1029] Generation completed for the IP Integrator block rst_mig_7series_0_200M .
INFO: [BD 41-1029] Generation completed for the IP Integrator block aquila_0 .
Exporting to file /home/hahaha/riscv/aquila_soc_0901/aquila_soc.srcs/sources_1/bd/aquila_soc/hw_handoff/aquila_soc.hwh
Generated Block Design Tcl file /home/hahaha/riscv/aquila_soc_0901/aquila_soc.srcs/sources_1/bd/aquila_soc/hw_handoff/aquila_soc_bd.tcl
Generated Hardware Definition File /home/hahaha/riscv/aquila_soc_0901/aquila_soc.srcs/sources_1/bd/aquila_soc/synth/aquila_soc.hwdef
generate_target: Time (s): cpu = 00:00:08 ; elapsed = 00:00:08 . Memory (MB): peak = 8116.148 ; gain = 0.000 ; free physical = 4462 ; free virtual = 7174
catch { config_ip_cache -export [get_ips -all aquila_soc_aquila_0_1] }
export_ip_user_files -of_objects [get_files /home/hahaha/riscv/aquila_soc_0901/aquila_soc.srcs/sources_1/bd/aquila_soc/aquila_soc.bd] -no_script -sync -force -quiet
create_ip_run [get_files -of_objects [get_fileset sources_1] /home/hahaha/riscv/aquila_soc_0901/aquila_soc.srcs/sources_1/bd/aquila_soc/aquila_soc.bd]
launch_runs -jobs 12 aquila_soc_aquila_0_1_synth_1
[Thu Sep 17 10:25:57 2020] Launched aquila_soc_aquila_0_1_synth_1...
Run output will be captured here: /home/hahaha/riscv/aquila_soc_0901/aquila_soc.runs/aquila_soc_aquila_0_1_synth_1/runme.log
export_simulation -of_objects [get_files /home/hahaha/riscv/aquila_soc_0901/aquila_soc.srcs/sources_1/bd/aquila_soc/aquila_soc.bd] -directory /home/hahaha/riscv/aquila_soc_0901/aquila_soc.ip_user_files/sim_scripts -ip_user_files_dir /home/hahaha/riscv/aquila_soc_0901/aquila_soc.ip_user_files -ipstatic_source_dir /home/hahaha/riscv/aquila_soc_0901/aquila_soc.ip_user_files/ipstatic -lib_map_path [list {modelsim=/home/hahaha/riscv/aquila_soc_0901/aquila_soc.cache/compile_simlib/modelsim} {questa=/home/hahaha/riscv/aquila_soc_0901/aquila_soc.cache/compile_simlib/questa} {ies=/home/hahaha/riscv/aquila_soc_0901/aquila_soc.cache/compile_simlib/ies} {xcelium=/home/hahaha/riscv/aquila_soc_0901/aquila_soc.cache/compile_simlib/xcelium} {vcs=/home/hahaha/riscv/aquila_soc_0901/aquila_soc.cache/compile_simlib/vcs} {riviera=/home/hahaha/riscv/aquila_soc_0901/aquila_soc.cache/compile_simlib/riviera}] -use_ip_compiled_libs -force -quiet
report_ip_status -name ip_status 
reset_run synth_1
launch_runs impl_1 -to_step write_bitstream -jobs 12
[Thu Sep 17 10:26:15 2020] Launched aquila_soc_aquila_0_1_synth_1, synth_1...
Run output will be captured here:
aquila_soc_aquila_0_1_synth_1: /home/hahaha/riscv/aquila_soc_0901/aquila_soc.runs/aquila_soc_aquila_0_1_synth_1/runme.log
synth_1: /home/hahaha/riscv/aquila_soc_0901/aquila_soc.runs/synth_1/runme.log
[Thu Sep 17 10:26:15 2020] Launched impl_1...
Run output will be captured here: /home/hahaha/riscv/aquila_soc_0901/aquila_soc.runs/impl_1/runme.log
open_hw
connect_hw_server
INFO: [Labtools 27-2285] Connecting to hw_server url TCP:localhost:3121
INFO: [Labtools 27-2222] Launching hw_server...
INFO: [Labtools 27-2221] Launch Output:

****** Xilinx hw_server v2018.3
  **** Build date : Dec  6 2018-23:53:53
    ** Copyright 1986-2018 Xilinx, Inc. All Rights Reserved.


disconnect_hw_server localhost:3121
connect_hw_server
INFO: [Labtools 27-2285] Connecting to hw_server url TCP:localhost:3121
open_hw_target
INFO: [Labtoolstcl 44-466] Opening hw_target localhost:3121/xilinx_tcf/Digilent/210203A0274DA
set_property PROGRAM.FILE {/home/hahaha/riscv/aquila_soc_0901/aquila_soc.runs/impl_1/aquila_soc_wrapper.bit} [get_hw_devices xc7k325t_0]
set_property PROBES.FILE {/home/hahaha/riscv/aquila_soc_0901/aquila_soc.runs/impl_1/aquila_soc_wrapper.ltx} [get_hw_devices xc7k325t_0]
set_property FULL_PROBES.FILE {/home/hahaha/riscv/aquila_soc_0901/aquila_soc.runs/impl_1/aquila_soc_wrapper.ltx} [get_hw_devices xc7k325t_0]
current_hw_device [get_hw_devices xc7k325t_0]
refresh_hw_device [lindex [get_hw_devices xc7k325t_0] 0]
INFO: [Labtools 27-1435] Device xc7k325t (JTAG device index = 0) is not programmed (DONE status = 0).
set_property PROBES.FILE {/home/hahaha/riscv/aquila_soc_0901/aquila_soc.runs/impl_1/aquila_soc_wrapper.ltx} [get_hw_devices xc7k325t_0]
set_property FULL_PROBES.FILE {/home/hahaha/riscv/aquila_soc_0901/aquila_soc.runs/impl_1/aquila_soc_wrapper.ltx} [get_hw_devices xc7k325t_0]
set_property PROGRAM.FILE {/home/hahaha/riscv/aquila_soc_0901/aquila_soc.runs/impl_1/aquila_soc_wrapper.bit} [get_hw_devices xc7k325t_0]
program_hw_devices [get_hw_devices xc7k325t_0]
INFO: [Labtools 27-3164] End of startup status: HIGH
program_hw_devices: Time (s): cpu = 00:00:07 ; elapsed = 00:00:07 . Memory (MB): peak = 8234.496 ; gain = 0.000 ; free physical = 4194 ; free virtual = 7062
refresh_hw_device [lindex [get_hw_devices xc7k325t_0] 0]
INFO: [Labtools 27-1434] Device xc7k325t (JTAG device index = 0) is programmed with a design that has no supported debug core(s) in it.
WARNING: [Labtools 27-3361] The debug hub core was not detected.
Resolution: 
1. Make sure the clock connected to the debug hub (dbg_hub) core is a free running clock and is active.
2. Make sure the BSCAN_SWITCH_USER_MASK device property in Vivado Hardware Manager reflects the user scan chain setting in the design and refresh the device.  To determine the user scan chain setting in the design, open the implemented design and use 'get_property C_USER_SCAN_CHAIN [get_debug_cores dbg_hub]'.
For more details on setting the scan chain property, consult the Vivado Debug and Programming User Guide (UG908).
WARNING: [Labtools 27-3413] Dropping logic core with cellname:'u_ila_0' at location 'uuid_23E7D65A79BC59F7BC47406C1714DFAE' from probes file, since it cannot be found on the programmed device.
set_property PROBES.FILE {/home/hahaha/riscv/aquila_soc_0901/aquila_soc.runs/impl_1/aquila_soc_wrapper.ltx} [get_hw_devices xc7k325t_0]
set_property FULL_PROBES.FILE {/home/hahaha/riscv/aquila_soc_0901/aquila_soc.runs/impl_1/aquila_soc_wrapper.ltx} [get_hw_devices xc7k325t_0]
set_property PROGRAM.FILE {/home/hahaha/riscv/aquila_soc_0901/aquila_soc.runs/impl_1/aquila_soc_wrapper.bit} [get_hw_devices xc7k325t_0]
program_hw_devices [get_hw_devices xc7k325t_0]
INFO: [Labtools 27-3164] End of startup status: HIGH
program_hw_devices: Time (s): cpu = 00:00:07 ; elapsed = 00:00:07 . Memory (MB): peak = 8234.496 ; gain = 0.000 ; free physical = 4195 ; free virtual = 7059
refresh_hw_device [lindex [get_hw_devices xc7k325t_0] 0]
INFO: [Labtools 27-1434] Device xc7k325t (JTAG device index = 0) is programmed with a design that has no supported debug core(s) in it.
WARNING: [Labtools 27-3361] The debug hub core was not detected.
Resolution: 
1. Make sure the clock connected to the debug hub (dbg_hub) core is a free running clock and is active.
2. Make sure the BSCAN_SWITCH_USER_MASK device property in Vivado Hardware Manager reflects the user scan chain setting in the design and refresh the device.  To determine the user scan chain setting in the design, open the implemented design and use 'get_property C_USER_SCAN_CHAIN [get_debug_cores dbg_hub]'.
For more details on setting the scan chain property, consult the Vivado Debug and Programming User Guide (UG908).
WARNING: [Labtools 27-3413] Dropping logic core with cellname:'u_ila_0' at location 'uuid_23E7D65A79BC59F7BC47406C1714DFAE' from probes file, since it cannot be found on the programmed device.
exit
INFO: [Common 17-206] Exiting Vivado at Thu Sep 17 10:43:37 2020...
